c:\users\mahaveer\desktop\rpl_dodag_visualization_in_iot_v12.2\workspace_dodag_visualization\src\simulation\rpl\x64\debug\vc142.pdb
c:\users\mahaveer\desktop\rpl_dodag_visualization_in_iot_v12.2\workspace_dodag_visualization\src\simulation\rpl\x64\debug\vc142.idb
c:\users\mahaveer\desktop\rpl_dodag_visualization_in_iot_v12.2\workspace_dodag_visualization\src\simulation\rpl\x64\debug\trickle.obj
c:\users\mahaveer\desktop\rpl_dodag_visualization_in_iot_v12.2\workspace_dodag_visualization\src\simulation\rpl\x64\debug\sequencenumber.obj
c:\users\mahaveer\desktop\rpl_dodag_visualization_in_iot_v12.2\workspace_dodag_visualization\src\simulation\rpl\x64\debug\rpl_message.obj
c:\users\mahaveer\desktop\rpl_dodag_visualization_in_iot_v12.2\workspace_dodag_visualization\src\simulation\rpl\x64\debug\rpl_enum.obj
c:\users\mahaveer\desktop\rpl_dodag_visualization_in_iot_v12.2\workspace_dodag_visualization\src\simulation\rpl\x64\debug\rpl.obj
c:\users\mahaveer\desktop\rpl_dodag_visualization_in_iot_v12.2\workspace_dodag_visualization\src\simulation\rpl\x64\debug\neighbor.obj
c:\users\mahaveer\desktop\rpl_dodag_visualization_in_iot_v12.2\workspace_dodag_visualization\src\simulation\rpl\x64\debug\matlab_interface.obj
c:\users\mahaveer\desktop\rpl_dodag_visualization_in_iot_v12.2\workspace_dodag_visualization\src\simulation\rpl\x64\debug\dodag.obj
c:\users\mahaveer\desktop\rpl_dodag_visualization_in_iot_v12.2\workspace_dodag_visualization\src\simulation\rpl\x64\debug\dis.obj
c:\users\mahaveer\desktop\rpl_dodag_visualization_in_iot_v12.2\workspace_dodag_visualization\src\simulation\rpl\x64\debug\dio.obj
c:\users\mahaveer\desktop\rpl_dodag_visualization_in_iot_v12.2\workspace_dodag_visualization\src\simulation\rpl\x64\debug\dao.obj
c:\users\mahaveer\desktop\rpl_dodag_visualization_in_iot_v12.2\workspace_dodag_visualization\bin\bin_x64\librpl.dll
c:\users\mahaveer\desktop\rpl_dodag_visualization_in_iot_v12.2\workspace_dodag_visualization\bin\bin_x64\rpl.pdb
c:\users\mahaveer\desktop\rpl_dodag_visualization_in_iot_v12.2\workspace_dodag_visualization\bin\bin_x64\rpl.lib
c:\users\mahaveer\desktop\rpl_dodag_visualization_in_iot_v12.2\workspace_dodag_visualization\bin\bin_x64\rpl.exp
c:\users\mahaveer\desktop\rpl_dodag_visualization_in_iot_v12.2\workspace_dodag_visualization\src\simulation\rpl\x64\debug\rpl.tlog\cl.command.1.tlog
c:\users\mahaveer\desktop\rpl_dodag_visualization_in_iot_v12.2\workspace_dodag_visualization\src\simulation\rpl\x64\debug\rpl.tlog\cl.read.1.tlog
c:\users\mahaveer\desktop\rpl_dodag_visualization_in_iot_v12.2\workspace_dodag_visualization\src\simulation\rpl\x64\debug\rpl.tlog\cl.write.1.tlog
c:\users\mahaveer\desktop\rpl_dodag_visualization_in_iot_v12.2\workspace_dodag_visualization\src\simulation\rpl\x64\debug\rpl.tlog\link.command.1.tlog
c:\users\mahaveer\desktop\rpl_dodag_visualization_in_iot_v12.2\workspace_dodag_visualization\src\simulation\rpl\x64\debug\rpl.tlog\link.read.1.tlog
c:\users\mahaveer\desktop\rpl_dodag_visualization_in_iot_v12.2\workspace_dodag_visualization\src\simulation\rpl\x64\debug\rpl.tlog\link.write.1.tlog
c:\users\mahaveer\desktop\rpl_dodag_visualization_in_iot_v12.2\workspace_dodag_visualization\src\simulation\rpl\x64\debug\rpl.tlog\rpl.write.1u.tlog
